 INFORMATION: |W10P-N4418|2020/09/21 13:00:18.832| FlappyBirdCS.Form3.buttons4_Click | Apro form per login
 INFORMATION: |W10P-N4418|2020/09/21 13:00:19.666| FlappyBirdCS.Form4.buttons1_Click | Controllo l'esistenza dell'utente
 INFORMATION: |W10P-N4418|2020/09/21 13:00:19.703| FlappyBirdCS.Form4.buttons1_Click | Cerca utente
 ERROR :      |W10P-N4418|2020/09/21 13:00:33.295| FlappyBirdCS.Form4.buttons1_Click | Error | Error=Unable to connect to any of the specified MySQL hosts.
 ERROR :      |W10P-N4418|2020/09/21 13:00:33.340| FlappyBirdCS.Form4.buttons1_Click |    in MySql.Data.MySqlClient.NativeDriver.Open()
   in MySql.Data.MySqlClient.Driver.Open()
   in MySql.Data.MySqlClient.Driver.Create(MySqlConnectionStringBuilder settings)
   in MySql.Data.MySqlClient.MySqlPool.CreateNewPooledConnection()
   in MySql.Data.MySqlClient.MySqlPool.GetPooledConnection()
   in MySql.Data.MySqlClient.MySqlPool.TryToGetDriver()
   in MySql.Data.MySqlClient.MySqlPool.GetConnection()
   in MySql.Data.MySqlClient.MySqlConnection.Open()
   in System.Data.Common.DbDataAdapter.FillInternal(DataSet dataset, DataTable[] datatables, Int32 startRecord, Int32 maxRecords, String srcTable, IDbCommand command, CommandBehavior behavior)
   in System.Data.Common.DbDataAdapter.Fill(DataTable[] dataTables, Int32 startRecord, Int32 maxRecords, IDbCommand command, CommandBehavior behavior)
   in System.Data.Common.DbDataAdapter.Fill(DataTable dataTable)
   in FlappyBirdCS.Form4.buttons1_Click(Object sender, EventArgs e) in C:\Users\FSalvucci\source\repos\FlappyBirdCS\FlappyBirdCS\Form4.cs:riga 54
 ERROR :      |W10P-N4418|2020/09/21 13:00:54.453| FlappyBirdCS.RecordTable.showData | Error | Error=Unable to connect to any of the specified MySQL hosts.
 ERROR :      |W10P-N4418|2020/09/21 13:00:54.519| FlappyBirdCS.RecordTable.showData |    in MySql.Data.MySqlClient.NativeDriver.Open()
   in MySql.Data.MySqlClient.Driver.Open()
   in MySql.Data.MySqlClient.Driver.Create(MySqlConnectionStringBuilder settings)
   in MySql.Data.MySqlClient.MySqlPool.CreateNewPooledConnection()
   in MySql.Data.MySqlClient.MySqlPool.GetPooledConnection()
   in MySql.Data.MySqlClient.MySqlPool.TryToGetDriver()
   in MySql.Data.MySqlClient.MySqlPool.GetConnection()
   in MySql.Data.MySqlClient.MySqlConnection.Open()
   in FlappyBirdCS.RecordTable.showData() in C:\Users\FSalvucci\source\repos\FlappyBirdCS\FlappyBirdCS\RecordTable.cs:riga 36
 INFORMATION: |W10P-N4418|2020/09/21 13:00:54.593| FlappyBirdCS.Form3.buttons5_Click | Apro form per tabella dei record
 INFORMATION: |W10P-N4418|2020/09/21 13:00:58.075| FlappyBirdCS.Form3.buttons4_Click | Apro form per login
 INFORMATION: |W10P-N4418|2020/09/21 13:00:58.810| FlappyBirdCS.Form4.buttons1_Click | Controllo l'esistenza dell'utente
 INFORMATION: |W10P-N4418|2020/09/21 13:00:58.858| FlappyBirdCS.Form4.buttons1_Click | Cerca utente
 ERROR :      |W10P-N4418|2020/09/21 13:01:03.149| FlappyBirdCS.Form4.buttons1_Click | Error | Error=Unable to connect to any of the specified MySQL hosts.
 ERROR :      |W10P-N4418|2020/09/21 13:01:03.194| FlappyBirdCS.Form4.buttons1_Click |    in MySql.Data.MySqlClient.NativeDriver.Open()
   in MySql.Data.MySqlClient.Driver.Open()
   in MySql.Data.MySqlClient.Driver.Create(MySqlConnectionStringBuilder settings)
   in MySql.Data.MySqlClient.MySqlPool.CreateNewPooledConnection()
   in MySql.Data.MySqlClient.MySqlPool.GetPooledConnection()
   in MySql.Data.MySqlClient.MySqlPool.TryToGetDriver()
   in MySql.Data.MySqlClient.MySqlPool.GetConnection()
   in MySql.Data.MySqlClient.MySqlConnection.Open()
   in System.Data.Common.DbDataAdapter.FillInternal(DataSet dataset, DataTable[] datatables, Int32 startRecord, Int32 maxRecords, String srcTable, IDbCommand command, CommandBehavior behavior)
   in System.Data.Common.DbDataAdapter.Fill(DataTable[] dataTables, Int32 startRecord, Int32 maxRecords, IDbCommand command, CommandBehavior behavior)
   in System.Data.Common.DbDataAdapter.Fill(DataTable dataTable)
   in FlappyBirdCS.Form4.buttons1_Click(Object sender, EventArgs e) in C:\Users\FSalvucci\source\repos\FlappyBirdCS\FlappyBirdCS\Form4.cs:riga 54
 INFORMATION: |W10P-N4418|2020/09/21 13:01:13.635| FlappyBirdCS.Form3.buttons4_Click | Apro form per login
 INFORMATION: |W10P-N4418|2020/09/21 13:01:17.285| FlappyBirdCS.Form4.buttons1_Click | Controllo l'esistenza dell'utente
 INFORMATION: |W10P-N4418|2020/09/21 13:01:17.328| FlappyBirdCS.Form4.buttons1_Click | Cerca utente
 INFORMATION: |W10P-N4418|2020/09/21 13:01:17.673| FlappyBirdCS.Form4.buttons1_Click | Utente trovato
 INFORMATION: |W10P-N4418|2020/09/21 13:01:20.558| FlappyBirdCS.Form3.buttons2_Click | Esco dal gioco
