 ERROR :      |W10P-N4418|2020/09/30 15:47:47.404| FlappyBirdCS.RecordTable.showData | Error | Error=Unable to connect to any of the specified MySQL hosts.
 ERROR :      |W10P-N4418|2020/09/30 15:47:47.406| FlappyBirdCS.RecordTable.showData |    in MySql.Data.MySqlClient.NativeDriver.Open()
   in MySql.Data.MySqlClient.Driver.Open()
   in MySql.Data.MySqlClient.Driver.Create(MySqlConnectionStringBuilder settings)
   in MySql.Data.MySqlClient.MySqlPool.CreateNewPooledConnection()
   in MySql.Data.MySqlClient.MySqlPool.GetPooledConnection()
   in MySql.Data.MySqlClient.MySqlPool.TryToGetDriver()
   in MySql.Data.MySqlClient.MySqlPool.GetConnection()
   in MySql.Data.MySqlClient.MySqlConnection.Open()
   in FlappyBirdCS.RecordTable.showData() in C:\Users\FSalvucci\source\repos\FlappyBirdCS\FlappyBirdCS\RecordTable.cs:riga 38
 INFORMATION: |W10P-N4418|2020/09/30 15:47:47.415| FlappyBirdCS.Form3.buttons5_Click | Apro form per tabella dei record
 INFORMATION: |W10P-N4418|2020/09/30 15:47:49.769| FlappyBirdCS.Form3.pictureBox9_Click | Chiudo menu
 INFORMATION: |W10P-N4418|2020/09/30 15:47:50.379| FlappyBirdCS.Form3.muteAudio | Muto l'audio
 INFORMATION: |W10P-N4418|2020/09/30 15:47:50.947| FlappyBirdCS.Form3.pictureBox8_Click | Apro user control
 ERROR :      |W10P-N4418|2020/09/30 15:47:52.956| FlappyBirdCS.Form3.pictureBox8_Click | Error | Error=Unable to connect to any of the specified MySQL hosts.
 ERROR :      |W10P-N4418|2020/09/30 15:47:52.957| FlappyBirdCS.Form3.pictureBox8_Click |    in MySql.Data.MySqlClient.NativeDriver.Open()
   in MySql.Data.MySqlClient.Driver.Open()
   in MySql.Data.MySqlClient.Driver.Create(MySqlConnectionStringBuilder settings)
   in MySql.Data.MySqlClient.MySqlPool.CreateNewPooledConnection()
   in MySql.Data.MySqlClient.MySqlPool.GetPooledConnection()
   in MySql.Data.MySqlClient.MySqlPool.TryToGetDriver()
   in MySql.Data.MySqlClient.MySqlPool.GetConnection()
   in MySql.Data.MySqlClient.MySqlConnection.Open()
   in FlappyBirdCS.Form3.pictureBox8_Click(Object sender, EventArgs e) in C:\Users\FSalvucci\source\repos\FlappyBirdCS\FlappyBirdCS\Form3.cs:riga 240
 INFORMATION: |W10P-N4418|2020/09/30 15:48:02.768| FlappyBirdCS.Form3.buttons4_Click | Apro form per login
 INFORMATION: |W10P-N4418|2020/09/30 15:48:03.822| FlappyBirdCS.Form4.buttons1_Click | Controllo l'esistenza dell'utente
 INFORMATION: |W10P-N4418|2020/09/30 15:48:03.825| FlappyBirdCS.Form4.buttons1_Click | Cerca utente
 ERROR :      |W10P-N4418|2020/09/30 15:48:08.641| FlappyBirdCS.Form4.buttons1_Click | Error | Error=Unable to connect to any of the specified MySQL hosts.
 ERROR :      |W10P-N4418|2020/09/30 15:48:08.641| FlappyBirdCS.Form4.buttons1_Click |    in MySql.Data.MySqlClient.NativeDriver.Open()
   in MySql.Data.MySqlClient.Driver.Open()
   in MySql.Data.MySqlClient.Driver.Create(MySqlConnectionStringBuilder settings)
   in MySql.Data.MySqlClient.MySqlPool.CreateNewPooledConnection()
   in MySql.Data.MySqlClient.MySqlPool.GetPooledConnection()
   in MySql.Data.MySqlClient.MySqlPool.TryToGetDriver()
   in MySql.Data.MySqlClient.MySqlPool.GetConnection()
   in MySql.Data.MySqlClient.MySqlConnection.Open()
   in System.Data.Common.DbDataAdapter.FillInternal(DataSet dataset, DataTable[] datatables, Int32 startRecord, Int32 maxRecords, String srcTable, IDbCommand command, CommandBehavior behavior)
   in System.Data.Common.DbDataAdapter.Fill(DataTable[] dataTables, Int32 startRecord, Int32 maxRecords, IDbCommand command, CommandBehavior behavior)
   in System.Data.Common.DbDataAdapter.Fill(DataTable dataTable)
   in FlappyBirdCS.Form4.buttons1_Click(Object sender, EventArgs e) in C:\Users\FSalvucci\source\repos\FlappyBirdCS\FlappyBirdCS\Form4.cs:riga 56
 INFORMATION: |W10P-N4418|2020/09/30 15:48:09.619| FlappyBirdCS.Form3.buttons2_Click | Esco dal gioco
